6/26/2023 10:16:59 PM | Debut Mise en ligne complete (Site):
6/26/2023 10:17:02 PM | Listing terminé :
6/26/2023 10:17:02 PM | 

6/26/2023 10:17:02 PM | * Files/Fonts-- -- --Folder create
6/26/2023 10:17:02 PM | * Files/Other-- -- --Folder create
6/26/2023 10:17:02 PM | * scrolltop-- -- --Folder create
6/26/2023 10:17:02 PM | * WEFiles-- -- --Folder create
6/26/2023 10:17:02 PM | * WEFiles/Xml-- -- --Folder create
6/26/2023 10:17:02 PM | * WEFiles/Server-- -- --Folder create
6/26/2023 10:17:02 PM | * WEFiles/Server/language-- -- --Folder create
6/26/2023 10:17:02 PM | * WEFiles/Server/DB-- -- --Folder create
6/26/2023 10:17:02 PM | * WEFiles/Server/DB/DBTools-- -- --Folder create
6/26/2023 10:17:02 PM | * WEFiles/Server/class-- -- --Folder create
6/26/2023 10:17:02 PM | * WEFiles/Other-- -- --Folder create
6/26/2023 10:17:02 PM | * WEFiles/Image-- -- --Folder create
6/26/2023 10:17:02 PM | * WEFiles/Font-- -- --Folder create
6/26/2023 10:17:02 PM | * WEFiles/EG-- -- --Folder create
6/26/2023 10:17:02 PM | * WEFiles/Css-- -- --Folder create
6/26/2023 10:17:02 PM | * WEFiles/Css/v02-- -- --Folder create
6/26/2023 10:17:02 PM | * WEFiles/Css/v01-- -- --Folder create
6/26/2023 10:17:02 PM | * WEFiles/Client-- -- --Folder create
6/26/2023 10:17:02 PM | * WEFiles/Client/jQuery-- -- --Folder create
6/26/2023 10:17:02 PM | * WEFiles/Client/jQuery/Plugins-- -- --Folder create
6/26/2023 10:17:02 PM | * WEFiles/Client/Common-- -- --Folder create
6/26/2023 10:17:02 PM | * Templates-- -- --Folder create
6/26/2023 10:17:02 PM | * Files-- -- --Folder create
6/26/2023 10:17:02 PM | * Files/Video-- -- --Folder create
6/26/2023 10:17:02 PM | * Files/Other-- -- --Folder create
6/26/2023 10:17:02 PM | * Files/Media-- -- --Folder create
6/26/2023 10:17:02 PM | * Files/Image-- -- --Folder create
6/26/2023 10:17:02 PM | * Files/Fonts-- -- --Folder create
6/26/2023 10:17:02 PM | * Files/Flash-- -- --Folder create
6/26/2023 10:17:02 PM | * Files/Audio-- -- --Folder create
6/26/2023 10:17:02 PM | * Data-- -- --Folder create
6/26/2023 10:17:02 PM | * Backup-- -- --Folder create
6/26/2023 10:17:02 PM | * Common-- -- --Folder create
6/26/2023 10:17:02 PM | * WEFiles/Image/Skin-- -- --Folder create
6/26/2023 10:17:02 PM | * Files/Image/ACTUALITES-- -- --Folder create
6/26/2023 10:17:02 PM | * WEFiles/EG/EG891d4068-- -- --Folder create
6/26/2023 10:17:02 PM | * WEFiles/EG/EG891d4068/Js-- -- --Folder create
6/26/2023 10:17:02 PM | * Files/Image/accueil-- -- --Folder create
6/26/2023 10:17:02 PM | * WEFiles/Image/WEImage-- -- --Folder create
6/26/2023 10:17:02 PM | * WEFiles/EG/EG8ced4f68-- -- --Folder create
6/26/2023 10:17:02 PM | * WEFiles/EG/EG8ced4f68/Js-- -- --Folder create
6/26/2023 10:17:02 PM | * WEFiles/EG/EGf8c88e12-- -- --Folder create
6/26/2023 10:17:02 PM | * WEFiles/EG/EGf8c88e12/ResImg-- -- --Folder create
6/26/2023 10:17:02 PM | * WEFiles/EG/EGf8c88e12/Js-- -- --Folder create
6/26/2023 10:17:02 PM | * WEFiles/EG/EGf8c88e12/Css-- -- --Folder create
6/26/2023 10:17:02 PM | * WEFiles/EG/EGf79d11e9-- -- --Folder create
6/26/2023 10:17:02 PM | * WEFiles/EG/EGf79d11e9/Js-- -- --Folder create
6/26/2023 10:17:02 PM | * WEFiles/EG/EGf79d11e9/Css-- -- --Folder create
6/26/2023 10:17:02 PM | * WEFiles/EG/EGb09efbd1-- -- --Folder create
6/26/2023 10:17:02 PM | * WEFiles/EG/EGb09efbd1/Js-- -- --Folder create
6/26/2023 10:17:02 PM | * WEFiles/EG/EG9f25bfab-- -- --Folder create
6/26/2023 10:17:02 PM | * WEFiles/EG/EG9f25bfab/Js-- -- --Folder create
6/26/2023 10:17:02 PM | * WEFiles/EG/EG9f25bfab/Css-- -- --Folder create
6/26/2023 10:17:02 PM | * Files/Image/VISUELS_DIVERS-- -- --Folder create
6/26/2023 10:17:02 PM | * WEFiles/EG/EGf9f84a8d-- -- --Folder create
6/26/2023 10:17:02 PM | * WEFiles/EG/EGf9f84a8d/ResImg-- -- --Folder create
6/26/2023 10:17:02 PM | * Files/Image/GALERIE-- -- --Folder create
6/26/2023 10:17:02 PM | * Files/Image/GALERIE/FULL-- -- --Folder create
6/26/2023 10:17:02 PM | * Files/Image/GALERIE/MINIATURES-- -- --Folder create
6/26/2023 10:17:02 PM | * WEFiles/EG/EGf9f84a8d/Js-- -- --Folder create
6/26/2023 10:17:02 PM | * WEFiles/EG/EGf9f84a8d/Css-- -- --Folder create
6/26/2023 10:17:02 PM | * WEFiles/EG/EG98fd1859-- -- --Folder create
6/26/2023 10:17:02 PM | * WEFiles/EG/EG98fd1859/Js-- -- --Folder create
6/26/2023 10:17:02 PM | * WEFiles/EG/EG15ce8951-- -- --Folder create
6/26/2023 10:17:02 PM | * WEFiles/EG/EG15ce8951/Js-- -- --Folder create
6/26/2023 10:17:02 PM | * Files/Image/RECETTES-- -- --Folder create
6/26/2023 10:17:02 PM | * Files\Other-- -- --Folder create
6/26/2023 10:17:02 PM | * Files\Fonts-- -- --Folder create
6/26/2023 10:17:02 PM | * Backup/.htaccess-- -- --33
6/26/2023 10:17:02 PM | * Data/.htaccess-- -- --13
6/26/2023 10:17:02 PM | * WEFiles/Client/Common/oe.min.js-- -- --16317
6/26/2023 10:17:02 PM | * WEFiles/Client/jQuery/Plugins/jquery.form.js-- -- --11659
6/26/2023 10:17:02 PM | * WEFiles/Client/jQuery/Plugins/jquery.ui.core.js-- -- --19590
6/26/2023 10:17:02 PM | * WEFiles/Client/jQuery/Plugins/jquery.ui.effects.js-- -- --25199
6/26/2023 10:17:02 PM | * WEFiles/Client/jQuery/1.10.2.js-- -- --93107
6/26/2023 10:17:02 PM | * WEFiles/Client/jQuery/migrate.js-- -- --7202
6/26/2023 10:17:02 PM | * WEFiles/Client/OEDB.js-- -- --1856
6/26/2023 10:17:02 PM | * WEFiles/Client/OEDBClasses.js-- -- --2280
6/26/2023 10:17:02 PM | * WEFiles/Client/opentip-jquery.min.js-- -- --44974
6/26/2023 10:17:02 PM | * WEFiles/Css/v01/openElement.css-- -- --5851
6/26/2023 10:17:02 PM | * WEFiles/Css/v02/openElement.css-- -- --6102
6/26/2023 10:17:02 PM | * WEFiles/Css/v02/openElement.int.css-- -- --6177
6/26/2023 10:17:02 PM | * WEFiles/Css/ie7.css-- -- --833
6/26/2023 10:17:02 PM | * WEFiles/Css/opentip.css-- -- --9211
6/26/2023 10:17:02 PM | * WEFiles/Image/Code.png-- -- --831
6/26/2023 10:17:02 PM | * WEFiles/Image/delete.png-- -- --1465
6/26/2023 10:17:02 PM | * WEFiles/Image/empty.png-- -- --184
6/26/2023 10:17:02 PM | * WEFiles/Image/information2.png-- -- --3246
6/26/2023 10:17:02 PM | * WEFiles/Image/loading.gif-- -- --1924
6/26/2023 10:17:02 PM | * WEFiles/Image/Loading2.gif-- -- --4941
6/26/2023 10:17:02 PM | * WEFiles/Image/mask.png-- -- --213
6/26/2023 10:17:02 PM | * WEFiles/Image/ModalBackgound.png-- -- --27145
6/26/2023 10:17:02 PM | * WEFiles/Image/ModalPopupBlock.png-- -- --268
6/26/2023 10:17:02 PM | * WEFiles/Image/ServerError.png-- -- --2602
6/26/2023 10:17:02 PM | * WEFiles/Image/warning.png-- -- --816
6/26/2023 10:17:02 PM | * WEFiles/Image/WEW3C.png-- -- --1882
6/26/2023 10:17:02 PM | * WEFiles/Server/class/class-phpmailer.php-- -- --65668
6/26/2023 10:17:02 PM | * WEFiles/Server/class/class-smtp.php-- -- --32456
6/26/2023 10:17:02 PM | * WEFiles/Server/DB/DBTools/OEDataContainers.php-- -- --57685
6/26/2023 10:17:02 PM | * WEFiles/Server/DB/DBTools/OEDBRequest.php-- -- --36412
6/26/2023 10:17:02 PM | * WEFiles/Server/DB/DBTools/OEDynUtils.php-- -- --15107
6/26/2023 10:17:02 PM | * WEFiles/Server/DB/.htaccess-- -- --13
6/26/2023 10:17:02 PM | * WEFiles/Server/DB/OEDB.php-- -- --28741
6/26/2023 10:17:02 PM | * WEFiles/Server/DB/OEDBClasses.php-- -- --84483
6/26/2023 10:17:02 PM | * WEFiles/Server/DB/sqllogin.php-- -- --1479
6/26/2023 10:17:02 PM | * WEFiles/Server/language/phpmailer.lang-en.php-- -- --1188
6/26/2023 10:17:02 PM | * WEFiles/Server/language/phpmailer.lang-fr.php-- -- --1297
6/26/2023 10:17:02 PM | * WEFiles/Server/openElement.php-- -- --13870
6/26/2023 10:17:02 PM | * WEFiles/Server/VarText.php-- -- --4496
6/26/2023 10:17:02 PM | * Files/Other/So_lapin_Logo.ico-- -- --259134
6/26/2023 10:17:02 PM | * Files/Fonts/Fonts.css-- -- --374
6/26/2023 10:17:02 PM | * .htaccess-- -- --0
6/26/2023 10:17:02 PM | * scrolltop/jquery.js-- -- --96444
6/26/2023 10:17:02 PM | * scrolltop/returnOnTop.css-- -- --383
6/26/2023 10:17:02 PM | * scrolltop/returnOnTop.js-- -- --497
6/26/2023 10:17:02 PM | * scrolltop/return_on_top.png-- -- --968
6/26/2023 10:17:02 PM | * actualites(var).js-- -- --3718
6/26/2023 10:17:02 PM | * actualites(var).php-- -- --1038
6/26/2023 10:17:02 PM | * actualites.css-- -- --5536
6/26/2023 10:17:02 PM | * WEFiles/Server/WESendMail-v210.php-- -- --12362
6/26/2023 10:17:02 PM | * WEFiles/Client/WESendMail-v210.js-- -- --3670
6/26/2023 10:17:02 PM | * WEFiles/Image/Skin/b150fa74.png-- -- --392
6/26/2023 10:17:02 PM | * WEFiles/Css/WEMenu-v23.css-- -- --425
6/26/2023 10:17:02 PM | * WEFiles/Client/WEMenu-v23.js-- -- --5687
6/26/2023 10:17:02 PM | * Files/Image/ACTUALITES/Actualite_Lapin frais_Canva_So_ Lapin.jpg-- -- --29705
6/26/2023 10:17:02 PM | * Files/Image/ACTUALITES/Auchan_So_Lapin.jpg-- -- --32170
6/26/2023 10:17:02 PM | * Files/Image/ACTUALITES/Auchan_So_Lapin_1.jpg-- -- --47365
6/26/2023 10:17:02 PM | * WEFiles/EG/EG891d4068/Js/anchor-scroll-v13.js-- -- --2855
6/26/2023 10:17:02 PM | * Files/Image/accueil/menu-mobile60x60.png-- -- --1190
6/26/2023 10:17:02 PM | * WEFiles/Image/WEImage/menu-noir60x60-WE2af7da3a5d.jpg-- -- --1537
6/26/2023 10:17:02 PM | * Files/Image/accueil/LOGO NOM.png-- -- --145837
6/26/2023 10:17:02 PM | * Files/Image/preloader.gif-- -- --4081
6/26/2023 10:17:02 PM | * WEFiles/EG/EG8ced4f68/Js/field-def-text-v59.js-- -- --2617
6/26/2023 10:17:02 PM | * Files/Image/arrow-up.png-- -- --367
6/26/2023 10:17:02 PM | * Backup/actualites.dat-- -- --1723505
6/26/2023 10:17:02 PM | * actualites.htm-- -- --36811
6/26/2023 10:17:02 PM | * engagements(var).js-- -- --3718
6/26/2023 10:17:02 PM | * engagements(var).php-- -- --1038
6/26/2023 10:17:02 PM | * engagements.css-- -- --4221
6/26/2023 10:17:02 PM | * Files/Image/ACTUALITES/Actualite_villageois_Canva_So_Lapin.jpg-- -- --53467
6/26/2023 10:17:02 PM | * Files/Image/ACTUALITES/Actualite_energiesolaire_Canva_So_ Lapin.jpg-- -- --43463
6/26/2023 10:17:02 PM | * Backup/engagements.dat-- -- --1184407
6/26/2023 10:17:02 PM | * engagements.htm-- -- --34705
6/26/2023 10:17:02 PM | * favicon.oe.ico-- -- --259134
6/26/2023 10:17:02 PM | * index(var).js-- -- --13388
6/26/2023 10:17:02 PM | * index(var).php-- -- --1321
6/26/2023 10:17:02 PM | * index.css-- -- --33053
6/26/2023 10:17:02 PM | * WEFiles/EG/EGf8c88e12/ResImg/Image11-v21.png-- -- --124
6/26/2023 10:17:02 PM | * WEFiles/EG/EGf8c88e12/ResImg/Image10-v21.png-- -- --137
6/26/2023 10:17:02 PM | * WEFiles/EG/EGf8c88e12/ResImg/Image9-v21.png-- -- --208
6/26/2023 10:17:02 PM | * WEFiles/EG/EGf8c88e12/ResImg/Image8-v21.png-- -- --146
6/26/2023 10:17:02 PM | * WEFiles/EG/EGf8c88e12/ResImg/Image7-v21.png-- -- --215
6/26/2023 10:17:02 PM | * WEFiles/EG/EGf8c88e12/ResImg/Image6-v21.png-- -- --211
6/26/2023 10:17:02 PM | * WEFiles/EG/EGf8c88e12/ResImg/Image5-v21.png-- -- --213
6/26/2023 10:17:02 PM | * WEFiles/EG/EGf8c88e12/ResImg/Image4-v21.png-- -- --211
6/26/2023 10:17:02 PM | * WEFiles/EG/EGf8c88e12/ResImg/Image3-v21.png-- -- --209
6/26/2023 10:17:02 PM | * WEFiles/EG/EGf8c88e12/ResImg/Image2-v21.png-- -- --211
6/26/2023 10:17:02 PM | * WEFiles/EG/EGf8c88e12/ResImg/Image1-v21.png-- -- --213
6/26/2023 10:17:02 PM | * WEFiles/EG/EGf8c88e12/ResImg/Image12-v21.png-- -- --130
6/26/2023 10:17:02 PM | * WEFiles/EG/EGf8c88e12/ResImg/Image13-v21.png-- -- --142
6/26/2023 10:17:02 PM | * WEFiles/EG/EGf8c88e12/ResImg/Image14-v21.png-- -- --126
6/26/2023 10:17:02 PM | * WEFiles/EG/EGf8c88e12/ResImg/Image15-v21.png-- -- --137
6/26/2023 10:17:02 PM | * WEFiles/EG/EGf8c88e12/ResImg/Loading-v21.gif-- -- --4461
6/26/2023 10:17:02 PM | * Files/Image/IMG1.jpg-- -- --114929
6/26/2023 10:17:02 PM | * Files/Image/IMG2.jpg-- -- --210998
6/26/2023 10:17:02 PM | * Files/Image/IMG3.jpg-- -- --159549
6/26/2023 10:17:02 PM | * WEFiles/EG/EGf8c88e12/Js/jquery.vegas.min-v81.js-- -- --9617
6/26/2023 10:17:02 PM | * WEFiles/EG/EGf8c88e12/Css/jquery.vegas-v89.css-- -- --13602
6/26/2023 10:17:02 PM | * WEFiles/EG/EGf8c88e12/Js/WEBackgroundSlider-v188.js-- -- --3954
6/26/2023 10:17:02 PM | * WEFiles/EG/EGf79d11e9/Js/parallax-safe-v33.js-- -- --7226
6/26/2023 10:17:02 PM | * WEFiles/EG/EGf79d11e9/Css/parallax-safe-v26.css-- -- --212
6/26/2023 10:17:02 PM | * WEFiles/EG/EGb09efbd1/Js/iframeprotect-v18.js-- -- --2375
6/26/2023 10:17:02 PM | * WEFiles/EG/EG9f25bfab/Js/OERespPanel-v104.js-- -- --8720
6/26/2023 10:17:02 PM | * WEFiles/EG/EG9f25bfab/Css/OERespPanel-v70.css-- -- --571
6/26/2023 10:17:02 PM | * Files/Image/accueil/LOGO.png-- -- --176573
6/26/2023 10:17:02 PM | * WEFiles/Image/WEImage/LOGO-WE1fe301274f.png-- -- --58250
6/26/2023 10:17:02 PM | * Files/Image/Slogan SoLapin (10).png-- -- --66305
6/26/2023 10:17:02 PM | * WEFiles/Image/WEImage/Slogan SoLapin (10)-WE82a89fbf73.png-- -- --26602
6/26/2023 10:17:02 PM | * Files/Image/fleche-droite (2).png-- -- --6496
6/26/2023 10:17:02 PM | * Files/Image/fleche-droite (3).png-- -- --3843
6/26/2023 10:17:02 PM | * Files/Image/VISUELS_DIVERS/Nos produits_Lapin frais_Canva_So_Lapin.jpg-- -- --12300
6/26/2023 10:17:02 PM | * Files/Image/VISUELS_DIVERS/Nos produits_Lapin fume_Canva_So_Lapin.jpg-- -- --13147
6/26/2023 10:17:02 PM | * Files/Image/VISUELS_DIVERS/Nos produits_Lapin surgele_Canva_So_ Lapin.jpg-- -- --15809
6/26/2023 10:17:02 PM | * Files/Image/Boucher_Lapin frais_Canva_so_lapin_Abidjan.jpg-- -- --97286
6/26/2023 10:17:02 PM | * WEFiles/EG/EGf9f84a8d/ResImg/Icons-v21.png-- -- --729
6/26/2023 10:17:02 PM | * WEFiles/EG/EGf9f84a8d/ResImg/Loader-v21.gif-- -- --2608
6/26/2023 10:17:02 PM | * Files/Image/GALERIE/FULL/Azaguie_Canva_so_lapin.jpg-- -- --183220
6/26/2023 10:17:02 PM | * Files/Image/GALERIE/MINIATURES/Azaguie_Canva_so_lapin-2.jpg-- -- --18746
6/26/2023 10:17:02 PM | * Files/Image/accueil/mag.png-- -- --2026
6/26/2023 10:17:02 PM | * WEFiles/EG/EGf9f84a8d/Js/swipebox-v224.js-- -- --3329
6/26/2023 10:17:02 PM | * WEFiles/EG/EGf9f84a8d/Js/jquery-swipebox-v54.js-- -- --24823
6/26/2023 10:17:02 PM | * WEFiles/EG/EGf9f84a8d/Css/swipebox-v267.css-- -- --8166
6/26/2023 10:17:02 PM | * Files/Image/GALERIE/FULL/Azaguie m_brome_Canva_so_lapin.jpg-- -- --168773
6/26/2023 10:17:02 PM | * Files/Image/GALERIE/MINIATURES/Azaguie m_brome_Canva_so_lapin-2.jpg-- -- --18807
6/26/2023 10:17:02 PM | * Files/Image/GALERIE/FULL/Une ferme cunicole moderne_Canva_so_lapin_Abidjan.jpg-- -- --255473
6/26/2023 10:17:02 PM | * Files/Image/GALERIE/MINIATURES/Une ferme cunicole moderne_Canva_so_lapin_Abidjan-2.jpg-- -- --22869
6/26/2023 10:17:02 PM | * Files/Image/GALERIE/FULL/Les lapins a la reproduction_Canva_so_lapin_Abidjan.jpg-- -- --230432
6/26/2023 10:17:02 PM | * Files/Image/GALERIE/MINIATURES/Les lapins a la reproduction_Canva_so_lapin_Abidjan-2.jpg-- -- --27649
6/26/2023 10:17:02 PM | * Files/Image/GALERIE/FULL/Des cages spacieuses_Canva_so_lapin_Abidjan.png-- -- --2153420
6/26/2023 10:17:02 PM | * Files/Image/GALERIE/MINIATURES/Des cages spacieuses_Canva_so_lapin_Abidjan-2.png-- -- --193491
6/26/2023 10:17:02 PM | * Files/Image/GALERIE/FULL/Des lapereaux en pleine sante_Canva_so_lapin_Abidjan.jpg-- -- --162691
6/26/2023 10:17:02 PM | * Files/Image/GALERIE/MINIATURES/Des lapereaux en pleine sante_Canva_so_lapin_Abidjan-2.jpg-- -- --18823
6/26/2023 10:17:02 PM | * Files/Image/GALERIE/FULL/Aliments de lapin_Canva_so_lapin_Abidjan.jpg-- -- --172318
6/26/2023 10:17:02 PM | * Files/Image/GALERIE/MINIATURES/Aliments de lapin_Canva_so_lapin_Abidjan-2.jpg-- -- --23624
6/26/2023 10:17:02 PM | * Files/Image/GALERIE/FULL/Les lapins a l_engraissement_Canva_so_lapin_Abidjan.png-- -- --1996069
6/26/2023 10:17:02 PM | * Files/Image/GALERIE/MINIATURES/Les lapins a l_engraissement_Canva_so_lapin_Abidjan-2.png-- -- --188360
6/26/2023 10:17:02 PM | * Files/Image/Travailleur_Canva_so_lapin_Abidjan.jpg-- -- --145330
6/26/2023 10:17:02 PM | * Files/Image/Cuisinier_Lapin frais_Canva_so_lapin_Abidjan.jpg-- -- --93941
6/26/2023 10:17:02 PM | * WEFiles/Image/Skin/26c70838.png-- -- --191
6/26/2023 10:17:02 PM | * WEFiles/Image/Skin/58294202.png-- -- --826
6/26/2023 10:17:02 PM | * WEFiles/Image/Skin/cbb1ae94.png-- -- --191
6/26/2023 10:17:02 PM | * WEFiles/Image/Skin/966687aa.png-- -- --826
6/26/2023 10:17:02 PM | * WEFiles/EG/EG98fd1859/Js/font-awesome-1-v247.js-- -- --3452
6/26/2023 10:17:02 PM | * WEFiles/EG/EG15ce8951/Js/jquery-sticky-v53.js-- -- --9937
6/26/2023 10:17:02 PM | * WEFiles/EG/EG15ce8951/Js/sticky-v51.js-- -- --2098
6/26/2023 10:17:02 PM | * WEFiles/Image/WEImage/menu-noir60x60-WE51ea8d21d9.jpg-- -- --1537
6/26/2023 10:17:02 PM | * Backup/index.dat-- -- --5565091
6/26/2023 10:17:02 PM | * index.htm-- -- --73275
6/26/2023 10:17:02 PM | * recettes(var).js-- -- --2691
6/26/2023 10:17:02 PM | * recettes(var).php-- -- --1038
6/26/2023 10:17:02 PM | * recettes.css-- -- --4851
6/26/2023 10:17:02 PM | * Files/Image/RECETTES/Recette_Lapin_braise_Canva_So_ Lapin.jpg-- -- --77075
6/26/2023 10:17:02 PM | * Files/Image/RECETTES/Recette_Lapin_Sauce_moutard_Canva_So_ Lapin.jpg-- -- --66687
6/26/2023 10:17:02 PM | * Files/Image/RECETTES/Recette_Lapin_Sauce_arachide_Canva_So_ Lapin.jpg-- -- --61995
6/26/2023 10:17:02 PM | * Backup/recettes.dat-- -- --1627902
6/26/2023 10:17:02 PM | * recettes.htm-- -- --33964
6/26/2023 10:17:02 PM | * robots.txt-- -- --42
6/26/2023 10:17:02 PM | * sitemap.xml-- -- --921
6/26/2023 10:17:02 PM | * Files/Other/So_lapin_Logo.ico-- -- --259134
6/26/2023 10:17:02 PM | * Files/Fonts/Fonts.css-- -- --374
6/26/2023 10:17:02 PM | * Templates/Base.css-- -- --1686
6/26/2023 10:17:02 PM | * Backup/Templates/Base.tdat-- -- --289683
6/26/2023 10:17:02 PM | * Templates/Base_Menu.css-- -- --6394
6/26/2023 10:17:02 PM | * Backup/Templates/Base_Menu.tdat-- -- --934175
6/26/2023 10:17:02 PM | * Templates/Base_Menu_Alt.css-- -- --6295
6/26/2023 10:17:02 PM | * Backup/Templates/Base_Menu_Alt.tdat-- -- --934141
6/26/2023 10:17:02 PM | * Templates/preloader.css-- -- --827
6/26/2023 10:17:02 PM | * Backup/Templates/preloader.tdat-- -- --175753
6/26/2023 10:17:02 PM | * Backup/Common/DataFileSyncFtp.xml-- -- --4331
6/26/2023 10:17:02 PM | * Backup/Common/DebugMessage.txt-- -- --2273
6/26/2023 10:17:02 PM | * Backup/Common/FTPLog.txt-- -- --3186
6/26/2023 10:17:02 PM | * Backup/Common/Garbage.cfg-- -- --1603
6/26/2023 10:17:02 PM | * Backup/Common/Linkmap.cfg-- -- --814554
6/26/2023 10:17:02 PM | * Backup/Common/Lock.cfg-- -- --441
6/26/2023 10:17:02 PM | * Backup/Common/OEGuideline.cfg-- -- --2160511
6/26/2023 10:17:02 PM | * Backup/Common/Palette.xml-- -- --327
6/26/2023 10:17:02 PM | * Backup/Common/Palette.xml.upd-- -- --10
6/26/2023 10:17:02 PM | * Backup/Common/SiteConfig.cfg-- -- --39600
6/26/2023 10:17:02 PM | * Backup/Common/UploadAllFileList.cfg-- -- --75259
6/26/2023 10:17:02 PM | * Backup/Common/user.cfg-- -- --590
6/26/2023 10:17:02 PM | * Backup/Common/Elements/WEAnchorScroll.dll-- -- --10240
6/26/2023 10:17:02 PM | * Backup/Common/Elements/WEElBackgroundSlider.dll-- -- --417792
6/26/2023 10:17:02 PM | * Backup/Common/Elements/WEFieldsDefaultText.dll-- -- --11776
6/26/2023 10:17:02 PM | * Backup/Common/Elements/WEFontAwesome_Model_1.min.dll-- -- --48640
6/26/2023 10:17:02 PM | * Backup/Common/Elements/WEIframeScrollProtect.dll-- -- --11776
6/26/2023 10:17:02 PM | * Backup/Common/Elements/WERespPanel01.dll-- -- --73728
6/26/2023 10:17:02 PM | * Backup/Common/Elements/WESafeParallax.dll-- -- --28672
6/26/2023 10:17:02 PM | * Backup/Common/Elements/WESkitterSlider1.dll-- -- --479232
6/26/2023 10:17:02 PM | * Backup/Common/Elements/WEStickyElements.dll-- -- --28672
6/26/2023 10:17:02 PM | * Backup/Common/Elements/WESwipeboxImage.dll-- -- --98304
6/26/2023 10:17:02 PM | * Backup/Templates/Controls/WECadre_cdae5836.OESkin-- -- --51373
6/26/2023 10:17:02 PM | * Backup/Templates/Controls/WEHrVertival_ac2be573.OESkin-- -- --28993
6/26/2023 10:17:02 PM | * Backup/Templates/Controls/WELink_a97d84f2.OESkin-- -- --32979
6/26/2023 10:17:02 PM | * Backup/Templates/Controls/WELink_f953043c.OESkin-- -- --28210
6/26/2023 10:17:02 PM | * Backup/SENSWHITE.ope-- -- --3575
6/26/2023 10:17:03 PM | 
6/26/2023 10:17:03 PM | 
--------------------------------Phase 1 Terminé--------------------------------
6/26/2023 10:17:03 PM | 

6/27/2023 2:49:48 PM | Debut Mise en ligne différentielle (Site):
6/27/2023 2:49:52 PM | Listing terminé :
6/27/2023 2:49:52 PM | 

6/27/2023 2:49:52 PM | * scrolltop-- -- --Folder create
6/27/2023 2:49:52 PM | * Backup-- -- --Folder create
6/27/2023 2:49:52 PM | * Data-- -- --Folder create
6/27/2023 2:49:52 PM | * WEFiles-- -- --Folder create
6/27/2023 2:49:52 PM | * WEFiles/Client-- -- --Folder create
6/27/2023 2:49:52 PM | * WEFiles/Client/jQuery-- -- --Folder create
6/27/2023 2:49:52 PM | * WEFiles/Css-- -- --Folder create
6/27/2023 2:49:52 PM | * WEFiles/Css/v01-- -- --Folder create
6/27/2023 2:49:52 PM | * WEFiles/Css/v02-- -- --Folder create
6/27/2023 2:49:52 PM | * WEFiles/Image-- -- --Folder create
6/27/2023 2:49:52 PM | * WEFiles/Server-- -- --Folder create
6/27/2023 2:49:52 PM | * WEFiles/Server/class-- -- --Folder create
6/27/2023 2:49:52 PM | * WEFiles/Server/DB-- -- --Folder create
6/27/2023 2:49:52 PM | * WEFiles/Server/DB/DBTools-- -- --Folder create
6/27/2023 2:49:52 PM | * WEFiles/Image/Skin-- -- --Folder create
6/27/2023 2:49:52 PM | * Files-- -- --Folder create
6/27/2023 2:49:52 PM | * Files/Image-- -- --Folder create
6/27/2023 2:49:52 PM | * Files/Image/ACTUALITES-- -- --Folder create
6/27/2023 2:49:52 PM | * WEFiles/EG-- -- --Folder create
6/27/2023 2:49:52 PM | * WEFiles/EG/EG891d4068-- -- --Folder create
6/27/2023 2:49:52 PM | * WEFiles/EG/EG891d4068/Js-- -- --Folder create
6/27/2023 2:49:52 PM | * Files/Image/accueil-- -- --Folder create
6/27/2023 2:49:52 PM | * WEFiles/Image/WEImage-- -- --Folder create
6/27/2023 2:49:52 PM | * WEFiles/EG/EG8ced4f68-- -- --Folder create
6/27/2023 2:49:52 PM | * WEFiles/EG/EG8ced4f68/Js-- -- --Folder create
6/27/2023 2:49:52 PM | * Templates-- -- --Folder create
6/27/2023 2:49:52 PM | * WEFiles/EG/EGf8c88e12-- -- --Folder create
6/27/2023 2:49:52 PM | * WEFiles/EG/EGf8c88e12/ResImg-- -- --Folder create
6/27/2023 2:49:52 PM | * WEFiles/EG/EGf8c88e12/Js-- -- --Folder create
6/27/2023 2:49:52 PM | * WEFiles/EG/EGf79d11e9-- -- --Folder create
6/27/2023 2:49:52 PM | * WEFiles/EG/EGf79d11e9/Js-- -- --Folder create
6/27/2023 2:49:52 PM | * WEFiles/EG/EGf79d11e9/Css-- -- --Folder create
6/27/2023 2:49:52 PM | * WEFiles/EG/EGb09efbd1-- -- --Folder create
6/27/2023 2:49:52 PM | * WEFiles/EG/EGb09efbd1/Js-- -- --Folder create
6/27/2023 2:49:52 PM | * WEFiles/EG/EG9f25bfab-- -- --Folder create
6/27/2023 2:49:52 PM | * WEFiles/EG/EG9f25bfab/Js-- -- --Folder create
6/27/2023 2:49:52 PM | * WEFiles/EG/EG9f25bfab/Css-- -- --Folder create
6/27/2023 2:49:52 PM | * Files/Image/VISUELS_DIVERS-- -- --Folder create
6/27/2023 2:49:52 PM | * WEFiles/EG/EGf9f84a8d-- -- --Folder create
6/27/2023 2:49:52 PM | * WEFiles/EG/EGf9f84a8d/ResImg-- -- --Folder create
6/27/2023 2:49:52 PM | * Files/Image/GALERIE-- -- --Folder create
6/27/2023 2:49:52 PM | * Files/Image/GALERIE/FULL-- -- --Folder create
6/27/2023 2:49:52 PM | * Files/Image/GALERIE/MINIATURES-- -- --Folder create
6/27/2023 2:49:52 PM | * WEFiles/EG/EGf9f84a8d/Js-- -- --Folder create
6/27/2023 2:49:52 PM | * WEFiles/EG/EGf9f84a8d/Css-- -- --Folder create
6/27/2023 2:49:52 PM | * WEFiles/EG/EG98fd1859-- -- --Folder create
6/27/2023 2:49:52 PM | * WEFiles/EG/EG98fd1859/Js-- -- --Folder create
6/27/2023 2:49:52 PM | * WEFiles/EG/EG15ce8951-- -- --Folder create
6/27/2023 2:49:52 PM | * WEFiles/EG/EG15ce8951/Js-- -- --Folder create
6/27/2023 2:49:52 PM | * Files/Image/RECETTES-- -- --Folder create
6/27/2023 2:49:52 PM | * Backup/.htaccess-- -- --33
6/27/2023 2:49:52 PM | * Data/.htaccess-- -- --13
6/27/2023 2:49:52 PM | * WEFiles/Client/jQuery/migrate.js-- -- --7202
6/27/2023 2:49:52 PM | * WEFiles/Client/OEDB.js-- -- --1856
6/27/2023 2:49:52 PM | * WEFiles/Client/OEDBClasses.js-- -- --2280
6/27/2023 2:49:52 PM | * WEFiles/Css/v01/openElement.css-- -- --5851
6/27/2023 2:49:52 PM | * WEFiles/Css/v02/openElement.css-- -- --6102
6/27/2023 2:49:52 PM | * WEFiles/Css/ie7.css-- -- --833
6/27/2023 2:49:52 PM | * WEFiles/Css/opentip.css-- -- --9211
6/27/2023 2:49:52 PM | * WEFiles/Image/Code.png-- -- --831
6/27/2023 2:49:52 PM | * WEFiles/Image/delete.png-- -- --1465
6/27/2023 2:49:52 PM | * WEFiles/Image/empty.png-- -- --184
6/27/2023 2:49:52 PM | * WEFiles/Image/information2.png-- -- --3246
6/27/2023 2:49:52 PM | * WEFiles/Image/loading.gif-- -- --1924
6/27/2023 2:49:52 PM | * WEFiles/Image/Loading2.gif-- -- --4941
6/27/2023 2:49:52 PM | * WEFiles/Image/mask.png-- -- --213
6/27/2023 2:49:52 PM | * WEFiles/Image/ModalBackgound.png-- -- --27145
6/27/2023 2:49:52 PM | * WEFiles/Image/ModalPopupBlock.png-- -- --268
6/27/2023 2:49:52 PM | * WEFiles/Image/ServerError.png-- -- --2602
6/27/2023 2:49:52 PM | * WEFiles/Image/warning.png-- -- --816
6/27/2023 2:49:52 PM | * WEFiles/Image/WEW3C.png-- -- --1882
6/27/2023 2:49:52 PM | * WEFiles/Server/class/class-phpmailer.php-- -- --65668
6/27/2023 2:49:52 PM | * WEFiles/Server/class/class-smtp.php-- -- --32456
6/27/2023 2:49:52 PM | * WEFiles/Server/DB/DBTools/OEDataContainers.php-- -- --57685
6/27/2023 2:49:52 PM | * WEFiles/Server/DB/DBTools/OEDBRequest.php-- -- --36412
6/27/2023 2:49:52 PM | * WEFiles/Server/DB/DBTools/OEDynUtils.php-- -- --15107
6/27/2023 2:49:52 PM | * WEFiles/Server/DB/.htaccess-- -- --13
6/27/2023 2:49:52 PM | * WEFiles/Server/DB/OEDB.php-- -- --28741
6/27/2023 2:49:52 PM | * WEFiles/Server/DB/OEDBClasses.php-- -- --84483
6/27/2023 2:49:52 PM | * WEFiles/Server/DB/sqllogin.php-- -- --1479
6/27/2023 2:49:52 PM | * WEFiles/Server/openElement.php-- -- --13870
6/27/2023 2:49:52 PM | * WEFiles/Server/VarText.php-- -- --4496
6/27/2023 2:49:52 PM | * Files/Other/So_lapin_Logo.ico-- -- --259134
6/27/2023 2:49:52 PM | * Files/Fonts/Fonts.css-- -- --374
6/27/2023 2:49:52 PM | * .htaccess-- -- --0
6/27/2023 2:49:52 PM | * scrolltop/jquery.js-- -- --96444
6/27/2023 2:49:52 PM | * scrolltop/returnOnTop.css-- -- --383
6/27/2023 2:49:52 PM | * scrolltop/returnOnTop.js-- -- --497
6/27/2023 2:49:52 PM | * scrolltop/return_on_top.png-- -- --968
6/27/2023 2:49:52 PM | * actualites(var).js-- -- --3718
6/27/2023 2:49:52 PM | * actualites(var).php-- -- --1038
6/27/2023 2:49:52 PM | * actualites.css-- -- --5536
6/27/2023 2:49:52 PM | * WEFiles/Server/WESendMail-v210.php-- -- --12362
6/27/2023 2:49:52 PM | * WEFiles/Client/WESendMail-v210.js-- -- --3670
6/27/2023 2:49:52 PM | * WEFiles/Image/Skin/b150fa74.png-- -- --392
6/27/2023 2:49:52 PM | * WEFiles/Css/WEMenu-v23.css-- -- --425
6/27/2023 2:49:52 PM | * WEFiles/Client/WEMenu-v23.js-- -- --5687
6/27/2023 2:49:52 PM | * Files/Image/ACTUALITES/Actualite_Lapin frais_Canva_So_ Lapin.jpg-- -- --29705
6/27/2023 2:49:52 PM | * Files/Image/ACTUALITES/Auchan_So_Lapin.jpg-- -- --32170
6/27/2023 2:49:52 PM | * Files/Image/ACTUALITES/Auchan_So_Lapin_1.jpg-- -- --47365
6/27/2023 2:49:52 PM | * WEFiles/EG/EG891d4068/Js/anchor-scroll-v13.js-- -- --2855
6/27/2023 2:49:52 PM | * Files/Image/accueil/menu-mobile60x60.png-- -- --1190
6/27/2023 2:49:52 PM | * WEFiles/Image/WEImage/menu-noir60x60-WE2af7da3a5d.jpg-- -- --1537
6/27/2023 2:49:52 PM | * Files/Image/accueil/LOGO NOM.png-- -- --145837
6/27/2023 2:49:52 PM | * Files/Image/preloader.gif-- -- --4081
6/27/2023 2:49:52 PM | * WEFiles/EG/EG8ced4f68/Js/field-def-text-v59.js-- -- --2617
6/27/2023 2:49:52 PM | * Files/Image/arrow-up.png-- -- --367
6/27/2023 2:49:52 PM | * Backup/actualites.dat-- -- --1723505
6/27/2023 2:49:52 PM | * actualites.htm-- -- --36811
6/27/2023 2:49:52 PM | * engagements(var).js-- -- --3718
6/27/2023 2:49:52 PM | * engagements(var).php-- -- --1038
6/27/2023 2:49:52 PM | * engagements.css-- -- --4221
6/27/2023 2:49:52 PM | * Files/Image/ACTUALITES/Actualite_villageois_Canva_So_Lapin.jpg-- -- --53467
6/27/2023 2:49:52 PM | * Files/Image/ACTUALITES/Actualite_energiesolaire_Canva_So_ Lapin.jpg-- -- --43463
6/27/2023 2:49:52 PM | * Backup/engagements.dat-- -- --1184407
6/27/2023 2:49:52 PM | * engagements.htm-- -- --34705
6/27/2023 2:49:52 PM | * favicon.oe.ico-- -- --259134
6/27/2023 2:49:52 PM | * index(var).js-- -- --13388
6/27/2023 2:49:52 PM | * index(var).php-- -- --1321
6/27/2023 2:49:52 PM | * index.css-- -- --33053
6/27/2023 2:49:52 PM | * WEFiles/EG/EGf8c88e12/ResImg/Image11-v21.png-- -- --124
6/27/2023 2:49:52 PM | * WEFiles/EG/EGf8c88e12/ResImg/Image10-v21.png-- -- --137
6/27/2023 2:49:52 PM | * WEFiles/EG/EGf8c88e12/ResImg/Image9-v21.png-- -- --208
6/27/2023 2:49:52 PM | * WEFiles/EG/EGf8c88e12/ResImg/Image8-v21.png-- -- --146
6/27/2023 2:49:52 PM | * WEFiles/EG/EGf8c88e12/ResImg/Image7-v21.png-- -- --215
6/27/2023 2:49:52 PM | * WEFiles/EG/EGf8c88e12/ResImg/Image6-v21.png-- -- --211
6/27/2023 2:49:52 PM | * WEFiles/EG/EGf8c88e12/ResImg/Image5-v21.png-- -- --213
6/27/2023 2:49:52 PM | * WEFiles/EG/EGf8c88e12/ResImg/Image4-v21.png-- -- --211
6/27/2023 2:49:52 PM | * WEFiles/EG/EGf8c88e12/ResImg/Image3-v21.png-- -- --209
6/27/2023 2:49:52 PM | * WEFiles/EG/EGf8c88e12/ResImg/Image2-v21.png-- -- --211
6/27/2023 2:49:52 PM | * WEFiles/EG/EGf8c88e12/ResImg/Image1-v21.png-- -- --213
6/27/2023 2:49:52 PM | * WEFiles/EG/EGf8c88e12/ResImg/Image12-v21.png-- -- --130
6/27/2023 2:49:52 PM | * WEFiles/EG/EGf8c88e12/ResImg/Image13-v21.png-- -- --142
6/27/2023 2:49:52 PM | * WEFiles/EG/EGf8c88e12/ResImg/Image14-v21.png-- -- --126
6/27/2023 2:49:52 PM | * WEFiles/EG/EGf8c88e12/ResImg/Image15-v21.png-- -- --137
6/27/2023 2:49:52 PM | * WEFiles/EG/EGf8c88e12/ResImg/Loading-v21.gif-- -- --4461
6/27/2023 2:49:52 PM | * Files/Image/IMG1.jpg-- -- --114929
6/27/2023 2:49:52 PM | * Files/Image/IMG2.jpg-- -- --210998
6/27/2023 2:49:52 PM | * Files/Image/IMG3.jpg-- -- --159549
6/27/2023 2:49:52 PM | * WEFiles/EG/EGf8c88e12/Js/WEBackgroundSlider-v188.js-- -- --3954
6/27/2023 2:49:52 PM | * WEFiles/EG/EGf79d11e9/Js/parallax-safe-v33.js-- -- --7226
6/27/2023 2:49:52 PM | * WEFiles/EG/EGf79d11e9/Css/parallax-safe-v26.css-- -- --212
6/27/2023 2:49:52 PM | * WEFiles/EG/EGb09efbd1/Js/iframeprotect-v18.js-- -- --2375
6/27/2023 2:49:52 PM | * WEFiles/EG/EG9f25bfab/Js/OERespPanel-v104.js-- -- --8720
6/27/2023 2:49:52 PM | * WEFiles/EG/EG9f25bfab/Css/OERespPanel-v70.css-- -- --571
6/27/2023 2:49:52 PM | * Files/Image/accueil/LOGO.png-- -- --176573
6/27/2023 2:49:52 PM | * WEFiles/Image/WEImage/LOGO-WE1fe301274f.png-- -- --58250
6/27/2023 2:49:52 PM | * Files/Image/Slogan SoLapin (10).png-- -- --66305
6/27/2023 2:49:52 PM | * WEFiles/Image/WEImage/Slogan SoLapin (10)-WE82a89fbf73.png-- -- --26602
6/27/2023 2:49:52 PM | * Files/Image/fleche-droite (2).png-- -- --6496
6/27/2023 2:49:52 PM | * Files/Image/fleche-droite (3).png-- -- --3843
6/27/2023 2:49:52 PM | * Files/Image/VISUELS_DIVERS/Nos produits_Lapin frais_Canva_So_Lapin.jpg-- -- --12300
6/27/2023 2:49:52 PM | * Files/Image/VISUELS_DIVERS/Nos produits_Lapin fume_Canva_So_Lapin.jpg-- -- --13147
6/27/2023 2:49:52 PM | * Files/Image/VISUELS_DIVERS/Nos produits_Lapin surgele_Canva_So_ Lapin.jpg-- -- --15809
6/27/2023 2:49:52 PM | * Files/Image/Boucher_Lapin frais_Canva_so_lapin_Abidjan.jpg-- -- --97286
6/27/2023 2:49:52 PM | * WEFiles/EG/EGf9f84a8d/ResImg/Icons-v21.png-- -- --729
6/27/2023 2:49:52 PM | * WEFiles/EG/EGf9f84a8d/ResImg/Loader-v21.gif-- -- --2608
6/27/2023 2:49:52 PM | * Files/Image/GALERIE/FULL/Azaguie_Canva_so_lapin.jpg-- -- --183220
6/27/2023 2:49:52 PM | * Files/Image/GALERIE/MINIATURES/Azaguie_Canva_so_lapin-2.jpg-- -- --18746
6/27/2023 2:49:52 PM | * Files/Image/accueil/mag.png-- -- --2026
6/27/2023 2:49:52 PM | * WEFiles/EG/EGf9f84a8d/Js/swipebox-v224.js-- -- --3329
6/27/2023 2:49:52 PM | * WEFiles/EG/EGf9f84a8d/Js/jquery-swipebox-v54.js-- -- --24823
6/27/2023 2:49:52 PM | * WEFiles/EG/EGf9f84a8d/Css/swipebox-v267.css-- -- --8166
6/27/2023 2:49:52 PM | * Files/Image/GALERIE/FULL/Azaguie m_brome_Canva_so_lapin.jpg-- -- --168773
6/27/2023 2:49:52 PM | * Files/Image/GALERIE/MINIATURES/Azaguie m_brome_Canva_so_lapin-2.jpg-- -- --18807
6/27/2023 2:49:52 PM | * Files/Image/GALERIE/FULL/Une ferme cunicole moderne_Canva_so_lapin_Abidjan.jpg-- -- --255473
6/27/2023 2:49:52 PM | * Files/Image/GALERIE/MINIATURES/Une ferme cunicole moderne_Canva_so_lapin_Abidjan-2.jpg-- -- --22869
6/27/2023 2:49:52 PM | * Files/Image/GALERIE/FULL/Les lapins a la reproduction_Canva_so_lapin_Abidjan.jpg-- -- --230432
6/27/2023 2:49:52 PM | * Files/Image/GALERIE/MINIATURES/Les lapins a la reproduction_Canva_so_lapin_Abidjan-2.jpg-- -- --27649
6/27/2023 2:49:52 PM | * Files/Image/GALERIE/FULL/Des cages spacieuses_Canva_so_lapin_Abidjan.png-- -- --2153420
6/27/2023 2:49:52 PM | * Files/Image/GALERIE/MINIATURES/Des cages spacieuses_Canva_so_lapin_Abidjan-2.png-- -- --193491
6/27/2023 2:49:52 PM | * Files/Image/GALERIE/FULL/Des lapereaux en pleine sante_Canva_so_lapin_Abidjan.jpg-- -- --162691
6/27/2023 2:49:52 PM | * Files/Image/GALERIE/MINIATURES/Des lapereaux en pleine sante_Canva_so_lapin_Abidjan-2.jpg-- -- --18823
6/27/2023 2:49:52 PM | * Files/Image/GALERIE/FULL/Aliments de lapin_Canva_so_lapin_Abidjan.jpg-- -- --172318
6/27/2023 2:49:52 PM | * Files/Image/GALERIE/MINIATURES/Aliments de lapin_Canva_so_lapin_Abidjan-2.jpg-- -- --23624
6/27/2023 2:49:52 PM | * Files/Image/GALERIE/FULL/Les lapins a l_engraissement_Canva_so_lapin_Abidjan.png-- -- --1996069
6/27/2023 2:49:52 PM | * Files/Image/GALERIE/MINIATURES/Les lapins a l_engraissement_Canva_so_lapin_Abidjan-2.png-- -- --188360
6/27/2023 2:49:52 PM | * Files/Image/Travailleur_Canva_so_lapin_Abidjan.jpg-- -- --145330
6/27/2023 2:49:52 PM | * Files/Image/Cuisinier_Lapin frais_Canva_so_lapin_Abidjan.jpg-- -- --93941
6/27/2023 2:49:52 PM | * WEFiles/Image/Skin/26c70838.png-- -- --191
6/27/2023 2:49:52 PM | * WEFiles/Image/Skin/58294202.png-- -- --826
6/27/2023 2:49:52 PM | * WEFiles/Image/Skin/cbb1ae94.png-- -- --191
6/27/2023 2:49:52 PM | * WEFiles/Image/Skin/966687aa.png-- -- --826
6/27/2023 2:49:52 PM | * WEFiles/EG/EG98fd1859/Js/font-awesome-1-v247.js-- -- --3452
6/27/2023 2:49:52 PM | * WEFiles/EG/EG15ce8951/Js/jquery-sticky-v53.js-- -- --9937
6/27/2023 2:49:52 PM | * WEFiles/EG/EG15ce8951/Js/sticky-v51.js-- -- --2098
6/27/2023 2:49:52 PM | * WEFiles/Image/WEImage/menu-noir60x60-WE51ea8d21d9.jpg-- -- --1537
6/27/2023 2:49:52 PM | * Backup/index.dat-- -- --5565091
6/27/2023 2:49:52 PM | * index.htm-- -- --73275
6/27/2023 2:49:52 PM | * recettes(var).js-- -- --2691
6/27/2023 2:49:52 PM | * recettes(var).php-- -- --1038
6/27/2023 2:49:52 PM | * recettes.css-- -- --4851
6/27/2023 2:49:52 PM | * Files/Image/RECETTES/Recette_Lapin_braise_Canva_So_ Lapin.jpg-- -- --77075
6/27/2023 2:49:52 PM | * Files/Image/RECETTES/Recette_Lapin_Sauce_moutard_Canva_So_ Lapin.jpg-- -- --66687
6/27/2023 2:49:52 PM | * Files/Image/RECETTES/Recette_Lapin_Sauce_arachide_Canva_So_ Lapin.jpg-- -- --61995
6/27/2023 2:49:52 PM | * Backup/recettes.dat-- -- --1627902
6/27/2023 2:49:52 PM | * recettes.htm-- -- --33964
6/27/2023 2:49:52 PM | * Templates/Base.css-- -- --1686
6/27/2023 2:49:52 PM | * Backup/Templates/Base.tdat-- -- --289683
6/27/2023 2:49:52 PM | * Templates/Base_Menu.css-- -- --6394
6/27/2023 2:49:52 PM | * Backup/Templates/Base_Menu.tdat-- -- --934175
6/27/2023 2:49:52 PM | * Templates/Base_Menu_Alt.css-- -- --6295
6/27/2023 2:49:52 PM | * Backup/Templates/Base_Menu_Alt.tdat-- -- --934141
6/27/2023 2:49:52 PM | * Templates/preloader.css-- -- --827
6/27/2023 2:49:52 PM | * Backup/Templates/preloader.tdat-- -- --175753
6/27/2023 2:49:52 PM | * sitemap.xml-- -- --921
6/27/2023 2:49:52 PM | * robots.txt-- -- --42
6/27/2023 2:49:52 PM | * Backup/Templates/Controls/WECadre_cdae5836.OESkin-- -- --51373
6/27/2023 2:49:52 PM | * Backup/Templates/Controls/WEHrVertival_ac2be573.OESkin-- -- --28993
6/27/2023 2:49:52 PM | * Backup/Templates/Controls/WELink_a97d84f2.OESkin-- -- --32979
6/27/2023 2:49:52 PM | * Backup/Templates/Controls/WELink_f953043c.OESkin-- -- --28210
6/27/2023 2:49:52 PM | * Backup/SENSWHITE.ope-- -- --3610
6/27/2023 2:49:53 PM | 
6/27/2023 2:49:53 PM | 
--------------------------------Phase 1 Terminé--------------------------------
6/27/2023 2:49:53 PM | 

